1599930745513	geckodriver	INFO	Listening on 127.0.0.1:49239
1599930748592	mozrunner::runner	INFO	Running command: "C:\\Program Files\\Mozilla Firefox\\firefox.exe" "--marionette" "-foreground" "-no-remote" "-profile" "C:\\Users\\tom\\AppData\\Local\\Temp\\rust_mozprofile31Jh1A"
JavaScript error: resource://gre/modules/XULStore.jsm, line 66: Error: Can't find profile directory.
console.error: SearchCache: "_readCacheFile: Error reading cache file:" (new Error("", "(unknown module)"))
1599930763479	Marionette	INFO	Listening on port 49247
1599930763542	Marionette	WARN	TLS certificate errors will be ignored for this session
1599930777690	Marionette	INFO	Stopped listening on port 49247

###!!! [Child][RunMessage] Error: Channel closing: too late to send/recv, messages will be lost

Cannot find file at 'c:\tools\selenium\geckodriver.exe' (c:\tools\selenium\geckodriver.exe). This usually indicates a missing or moved file.
Cannot find file at 'c:\tools\selenium\geckodriver.exe' (c:\tools\selenium\geckodriver.exe). This usually indicates a missing or moved file.
Cannot find file at 'c:\tools\selenium\geckodriver.exe' (c:\tools\selenium\geckodriver.exe). This usually indicates a missing or moved file.
Cannot find file at 'c:\tools\selenium\geckodriver.exe' (c:\tools\selenium\geckodriver.exe). This usually indicates a missing or moved file.
1599931956019	geckodriver	INFO	Listening on 127.0.0.1:49429
1599931959008	mozrunner::runner	INFO	Running command: "C:\\Program Files\\Mozilla Firefox\\firefox.exe" "--marionette" "-foreground" "-no-remote" "-profile" "C:\\Users\\tom\\AppData\\Local\\Temp\\rust_mozprofileskqvLY"
JavaScript error: resource://gre/modules/XULStore.jsm, line 66: Error: Can't find profile directory.
console.error: SearchCache: "_readCacheFile: Error reading cache file:" (new Error("", "(unknown module)"))
1599931965364	Marionette	INFO	Listening on port 49437
1599931965554	Marionette	WARN	TLS certificate errors will be ignored for this session
JavaScript error: http://inventwithpython.com/js/bootstrap.min.js, line 7: Error: Bootstrap tooltips require Tether (http://tether.io/)
1599931985004	Marionette	INFO	Stopped listening on port 49437

###!!! [Child][RunMessage] Error: Channel closing: too late to send/recv, messages will be lost

1599935193108	geckodriver	INFO	Listening on 127.0.0.1:49625
1599935196132	mozrunner::runner	INFO	Running command: "C:\\Program Files\\Mozilla Firefox\\firefox.exe" "--marionette" "-foreground" "-no-remote" "-profile" "C:\\Users\\tom\\AppData\\Local\\Temp\\rust_mozprofileH2wijM"
JavaScript error: resource://gre/modules/XULStore.jsm, line 66: Error: Can't find profile directory.
console.error: SearchCache: "_readCacheFile: Error reading cache file:" (new Error("", "(unknown module)"))
1599935201094	Marionette	INFO	Listening on port 49633
1599935201571	Marionette	WARN	TLS certificate errors will be ignored for this session
1599935233035	Marionette	INFO	Stopped listening on port 49633

###!!! [Child][RunMessage] Error: Channel closing: too late to send/recv, messages will be lost

1599935295767	geckodriver	INFO	Listening on 127.0.0.1:49681
1599935298783	mozrunner::runner	INFO	Running command: "C:\\Program Files\\Mozilla Firefox\\firefox.exe" "--marionette" "-foreground" "-no-remote" "-profile" "C:\\Users\\tom\\AppData\\Local\\Temp\\rust_mozprofileQPBPO2"
JavaScript error: resource://gre/modules/XULStore.jsm, line 66: Error: Can't find profile directory.
console.error: SearchCache: "_readCacheFile: Error reading cache file:" (new Error("", "(unknown module)"))
1599935304156	Marionette	INFO	Listening on port 49689
1599935304212	Marionette	WARN	TLS certificate errors will be ignored for this session
1599935330336	Marionette	INFO	Stopped listening on port 49689

###!!! [Child][RunMessage] Error: Channel closing: too late to send/recv, messages will be lost

[Parent 13352, Gecko_IOThread] WARNING: pipe error: 232: file /builds/worker/checkouts/gecko/ipc/chromium/src/chrome/common/ipc_channel_win.cc, line 545
1599935394859	geckodriver	INFO	Listening on 127.0.0.1:49730
1599935397913	mozrunner::runner	INFO	Running command: "C:\\Program Files\\Mozilla Firefox\\firefox.exe" "--marionette" "-foreground" "-no-remote" "-profile" "C:\\Users\\tom\\AppData\\Local\\Temp\\rust_mozprofile0kifVo"
JavaScript error: resource://gre/modules/XULStore.jsm, line 66: Error: Can't find profile directory.
console.error: SearchCache: "_readCacheFile: Error reading cache file:" (new Error("", "(unknown module)"))
1599935403402	Marionette	INFO	Listening on port 49738
1599935403459	Marionette	WARN	TLS certificate errors will be ignored for this session
JavaScript error: http://inventwithpython.com/js/bootstrap.min.js, line 7: Error: Bootstrap tooltips require Tether (http://tether.io/)
1599935417057	Marionette	INFO	Stopped listening on port 49738

###!!! [Child][RunMessage] Error: Channel closing: too late to send/recv, messages will be lost

1599935760318	geckodriver	INFO	Listening on 127.0.0.1:49791
1599935763321	mozrunner::runner	INFO	Running command: "C:\\Program Files\\Mozilla Firefox\\firefox.exe" "--marionette" "-foreground" "-no-remote" "-profile" "C:\\Users\\tom\\AppData\\Local\\Temp\\rust_mozprofileabpicp"
JavaScript error: resource://gre/modules/XULStore.jsm, line 66: Error: Can't find profile directory.
console.error: SearchCache: "_readCacheFile: Error reading cache file:" (new Error("", "(unknown module)"))
1599935769864	Marionette	INFO	Listening on port 49799
1599935769990	Marionette	WARN	TLS certificate errors will be ignored for this session

###!!! [Child][MessageChannel] Error: (msgtype=0x5A0011,name=PHttpChannel::Msg___delete__) Channel closing: too late to send/recv, messages will be lost


###!!! [Child][MessageChannel] Error: (msgtype=0x6A0029,name=PNecko::Msg_RemoveRequestContext) Channel closing: too late to send/recv, messages will be lost


###!!! [Child][RunMessage] Error: Channel closing: too late to send/recv, messages will be lost


###!!! [Child][RunMessage] Error: Channel closing: too late to send/recv, messages will be lost

1599935802791	Marionette	INFO	Stopped listening on port 49799

###!!! [Child][RunMessage] Error: Channel closing: too late to send/recv, messages will be lost

ityStreamPrefs.jsm, line 27: NS_ERROR_ILLEGAL_VALUE: Component returned failure code: 0x80070057 (NS_ERROR_ILLEGAL_VALUE) [nsIPrefBranch.removeObserver]
console.warn: services.settings: main/messaging-experiments sync interrupted by shutdown

###!!! [Child][RunMessage] Error: Channel closing: too late to send/recv, messages will be lost


###!!! [Child][RunMessage] Error: Channel closing: too late to send/recv, messages will be lost


###!!! [Child][RunMessage] Error: Channel closing: too late to send/recv, messages will be lost

console.log: "RemoteSettingsWorker error: Error: Can't import when we've started shutting down."
console.log: "RemoteSettingsWorker error: Error: Can't import when we've started shutting down."
console.log: "RemoteSettingsWorker error: Error: Can't import when we've started shutting down."
console.error: "Could not load engine google@search.mozilla.org: [Exception... \"AddonManager is not initialized\"  nsresult: \"0xc1f30001 (NS_ERROR_NOT_INITIALIZED)\"  location: \"JS frame :: resource://gre/modules/AddonManager.jsm :: installBuiltinAddon :: line 2529\"  data: no]"
console.error: "Could not load engine ddg@search.mozilla.org: [Exception... \"AddonManager is not initialized\"  nsresult: \"0xc1f30001 (NS_ERROR_NOT_INITIALIZED)\"  location: \"JS frame :: resource://gre/modules/AddonManager.jsm :: installBuiltinAddon :: line 2529\"  data: no]"
console.error: "Could not load engine bing@search.mozilla.org: [Exception... \"AddonManager is not initialized\"  nsresult: \"0xc1f30001 (NS_ERROR_NOT_INITIALIZED)\"  location: \"JS frame :: resource://gre/modules/AddonManager.jsm :: installBuiltinAddon :: line 2529\"  data: no]"
console.error: "Could not load engine wikipedia@search.mozilla.org: [Exception... \"AddonManager is not initialized\"  nsresult: \"0xc1f30001 (NS_ERROR_NOT_INITIALIZED)\"  location: \"JS frame :: resource://gre/modules/AddonManager.jsm :: installBuiltinAddon :: line 2529\"  data: no]"
console.error: "Could not load engine mercadolivre@search.mozilla.org: [Exception... \"AddonManager is not initialized\"  nsresult: \"0xc1f30001 (NS_ERROR_NOT_INITIALIZED)\"  location: \"JS frame :: resource://gre/modules/AddonManager.jsm :: installBuiltinAddon :: line 2529\"  data: no]"
console.warn: SearchService: "_init: abandoning init due to shutting down"
JavaScript error: , line 0: uncaught exception: 2147500036
JavaScript error: , line 0: uncaught exception: 2147500036
JavaScript error: , line 0: uncaught exception: 2147500036
JavaScript error: , line 0: uncaught exception: 2147500036
JavaScript error: , line 0: uncaught exception: 2147500036
JavaScript error: , line 0: uncaught exception: 2147500036
1599935800950	Marionette	INFO	Stopped listening on port 49944

###!!! [Child][RunMessage] Error: Channel closing: too late to send/recv, messages will be lost


###!!! [Child][MessageChannel::SendAndWait] Error: Channel error: cannot send/recv

1599936745236	geckodriver	INFO	Listening on 127.0.0.1:49842
1599936748284	mozrunner::runner	INFO	Running command: "C:\\Program Files\\Mozilla Firefox\\firefox.exe" "--marionette" "-foreground" "-no-remote" "-profile" "C:\\Users\\tom\\AppData\\Local\\Temp\\rust_mozprofileOlfK70"
JavaScript error: resource://gre/modules/XULStore.jsm, line 66: Error: Can't find profile directory.
console.error: SearchCache: "_readCacheFile: Error reading cache file:" (new Error("", "(unknown module)"))
1599936762488	Marionette	INFO	Listening on port 49850
1599936762607	Marionette	WARN	TLS certificate errors will be ignored for this session
1599937813431	Marionette	INFO	Stopped listening on port 49850

###!!! [Child][RunMessage] Error: Channel closing: too late to send/recv, messages will be lost

